
> web@0.1.0 test:e2e
> playwright test

[1A[2K[2m[WebServer] [22mTool type ci already registered; skipping re-registration
[2m[WebServer] [22mTool type graph already registered; skipping re-registration

[1A[2K[2m[WebServer] [22mTool type metric already registered; skipping re-registration
[2m[WebServer] [22mTool type history already registered; skipping re-registration
[2m[WebServer] [22mTool type cep already registered; skipping re-registration

[1A[2K[2m[WebServer] [22mINFO:     Started server process [212112]
[2m[WebServer] [22mINFO:     Waiting for application startup.

[1A[2K[2m[WebServer] [22m2026-01-22T18:14:11+0900 INFO app.modules.cep_builder.scheduler request_id=- tenant_id=- trace_id=- mode=- [CEP] Scheduler disabled by environment variable taskName=Task-2 asctime=2026-01-22T18:14:11+0900

[1A[2K[2m[WebServer] [22m2026-01-22T18:14:11+0900 INFO app.shared.config_loader request_id=- tenant_id=- trace_id=- mode=- Started watching for changes in /home/spa/tobit-spa-ai/apps/api/resources taskName=Task-2 asctime=2026-01-22T18:14:11+0900

[1A[2K[2m[WebServer] [22mINFO:     Application startup complete.

[1A[2K[2m[WebServer] [22mINFO:     Uvicorn running on http://0.0.0.0:8000 (Press CTRL+C to quit)

[1A[2K[2m[WebServer] [22m2026-01-22T18:15:51+0900 INFO sqlalchemy.engine.Engine request_id=- tenant_id=- trace_id=- mode=- select pg_catalog.version() taskName=starlette.middleware.base.BaseHTTPMiddleware.__call__.<locals>.call_next.<locals>.coro asctime=2026-01-22T18:15:51+0900

[1A[2K[2m[WebServer] [22m2026-01-22T18:15:51+0900 INFO sqlalchemy.engine.Engine request_id=- tenant_id=- trace_id=- mode=- [raw sql] {} taskName=starlette.middleware.base.BaseHTTPMiddleware.__call__.<locals>.call_next.<locals>.coro asctime=2026-01-22T18:15:51+0900

[1A[2K[2m[WebServer] [22m2026-01-22T18:15:51+0900 INFO sqlalchemy.engine.Engine request_id=- tenant_id=- trace_id=- mode=- select current_schema() taskName=starlette.middleware.base.BaseHTTPMiddleware.__call__.<locals>.call_next.<locals>.coro asctime=2026-01-22T18:15:51+0900
[2m[WebServer] [22m2026-01-22T18:15:51+0900 INFO sqlalchemy.engine.Engine request_id=- tenant_id=- trace_id=- mode=- [raw sql] {} taskName=starlette.middleware.base.BaseHTTPMiddleware.__call__.<locals>.call_next.<locals>.coro asctime=2026-01-22T18:15:51+0900

[1A[2K[2m[WebServer] [22m2026-01-22T18:15:51+0900 INFO sqlalchemy.engine.Engine request_id=- tenant_id=- trace_id=- mode=- show standard_conforming_strings taskName=starlette.middleware.base.BaseHTTPMiddleware.__call__.<locals>.call_next.<locals>.coro asctime=2026-01-22T18:15:51+0900

[1A[2K[2m[WebServer] [22m2026-01-22T18:15:51+0900 INFO sqlalchemy.engine.Engine request_id=- tenant_id=- trace_id=- mode=- [raw sql] {} taskName=starlette.middleware.base.BaseHTTPMiddleware.__call__.<locals>.call_next.<locals>.coro asctime=2026-01-22T18:15:51+0900

[1A[2K[2m[WebServer] [22m2026-01-22T18:15:52+0900 INFO sqlalchemy.engine.Engine request_id=- tenant_id=- trace_id=- mode=- BEGIN (implicit) taskName=starlette.middleware.base.BaseHTTPMiddleware.__call__.<locals>.call_next.<locals>.coro asctime=2026-01-22T18:15:52+0900

[1A[2K[2m[WebServer] [22m2026-01-22T18:15:52+0900 INFO sqlalchemy.engine.Engine request_id=- tenant_id=- trace_id=- mode=- BEGIN (implicit) taskName=None asctime=2026-01-22T18:15:52+0900

[1A[2K[2m[WebServer] [22m2026-01-22T18:15:52+0900 INFO sqlalchemy.engine.Engine request_id=- tenant_id=- trace_id=- mode=- SELECT count(*) AS count_1 
[2m[WebServer] [22mFROM tb_cep_notification_log 
[2m[WebServer] [22mWHERE tb_cep_notification_log.ack IS false taskName=starlette.middleware.base.BaseHTTPMiddleware.__call__.<locals>.call_next.<locals>.coro asctime=2026-01-22T18:15:52+0900

[1A[2K[2m[WebServer] [22m2026-01-22T18:15:52+0900 INFO sqlalchemy.engine.Engine request_id=- tenant_id=- trace_id=- mode=- SELECT count(*) AS count_1 
[2m[WebServer] [22mFROM tb_cep_notification_log 
[2m[WebServer] [22mWHERE tb_cep_notification_log.ack IS false taskName=None asctime=2026-01-22T18:15:52+0900

[1A[2K[2m[WebServer] [22m2026-01-22T18:15:52+0900 INFO sqlalchemy.engine.Engine request_id=- tenant_id=- trace_id=- mode=- [generated in 0.00099s] {} taskName=starlette.middleware.base.BaseHTTPMiddleware.__call__.<locals>.call_next.<locals>.coro asctime=2026-01-22T18:15:52+0900

[1A[2K[2m[WebServer] [22m2026-01-22T18:15:52+0900 INFO sqlalchemy.engine.Engine request_id=- tenant_id=- trace_id=- mode=- [cached since 0.001337s ago] {} taskName=None asctime=2026-01-22T18:15:52+0900

[1A[2K[2m[WebServer] [22m2026-01-22T18:15:52+0900 INFO sqlalchemy.engine.Engine request_id=- tenant_id=- trace_id=- mode=- SELECT coalesce(tb_cep_notification.trigger ->> %(trigger_1)s::TEXT, %(coalesce_1)s::VARCHAR) AS severity, count(*) AS count_1 
[2m[WebServer] [22mFROM tb_cep_notification_log JOIN tb_cep_notification ON tb_cep_notification_log.notification_id = tb_cep_notification.notification_id GROUP BY coalesce(tb_cep_notification.trigger ->> %(trigger_1)s::TEXT, %(coalesce_1)s::VARCHAR) taskName=starlette.middleware.base.BaseHTTPMiddleware.__call__.<locals>.call_next.<locals>.coro asctime=2026-01-22T18:15:52+0900

[1A[2K[2m[WebServer] [22m2026-01-22T18:15:52+0900 INFO sqlalchemy.engine.Engine request_id=- tenant_id=- trace_id=- mode=- SELECT coalesce(tb_cep_notification.trigger ->> %(trigger_1)s::TEXT, %(coalesce_1)s::VARCHAR) AS severity, count(*) AS count_1 
[2m[WebServer] [22mFROM tb_cep_notification_log JOIN tb_cep_notification ON tb_cep_notification_log.notification_id = tb_cep_notification.notification_id GROUP BY coalesce(tb_cep_notification.trigger ->> %(trigger_1)s::TEXT, %(coalesce_1)s::VARCHAR) taskName=None asctime=2026-01-22T18:15:52+0900

[1A[2K[2m[WebServer] [22m2026-01-22T18:15:52+0900 INFO sqlalchemy.engine.Engine request_id=- tenant_id=- trace_id=- mode=- [generated in 0.00191s] {'trigger_1': 'severity', 'coalesce_1': 'info'} taskName=starlette.middleware.base.BaseHTTPMiddleware.__call__.<locals>.call_next.<locals>.coro asctime=2026-01-22T18:15:52+0900

[1A[2K[2m[WebServer] [22m2026-01-22T18:15:52+0900 INFO sqlalchemy.engine.Engine request_id=- tenant_id=- trace_id=- mode=- [generated in 0.00145s] {'trigger_1': 'severity', 'coalesce_1': 'info'} taskName=None asctime=2026-01-22T18:15:52+0900

[1A[2K[2m[WebServer] [22m2026-01-22T18:15:52+0900 INFO sqlalchemy.engine.Engine request_id=- tenant_id=- trace_id=- mode=- ROLLBACK taskName=None asctime=2026-01-22T18:15:52+0900

[1A[2K[2m[WebServer] [22m2026-01-22T18:15:52+0900 INFO sqlalchemy.engine.Engine request_id=- tenant_id=- trace_id=- mode=- BEGIN (implicit) taskName=None asctime=2026-01-22T18:15:52+0900

[1A[2K[2m[WebServer] [22m2026-01-22T18:15:52+0900 INFO sqlalchemy.engine.Engine request_id=- tenant_id=- trace_id=- mode=- SELECT chat_thread.title, chat_thread.tenant_id, chat_thread.user_id, chat_thread.created_at, chat_thread.updated_at, chat_thread.deleted_at, chat_thread.title_finalized, chat_thread.summary, chat_thread.builder, chat_thread.id 
[2m[WebServer] [22mFROM chat_thread 
[2m[WebServer] [22mWHERE chat_thread.deleted_at IS NULL AND chat_thread.builder IS NULL ORDER BY chat_thread.updated_at DESC taskName=None asctime=2026-01-22T18:15:52+0900

[1A[2K[2m[WebServer] [22m2026-01-22T18:15:52+0900 INFO sqlalchemy.engine.Engine request_id=- tenant_id=- trace_id=- mode=- [generated in 0.00035s] {} taskName=None asctime=2026-01-22T18:15:52+0900

[1A[2K[2m[WebServer] [22m2026-01-22T18:15:52+0900 INFO sqlalchemy.engine.Engine request_id=- tenant_id=- trace_id=- mode=- ROLLBACK taskName=None asctime=2026-01-22T18:15:52+0900

[1A[2K[2m[WebServer] [22m2026-01-22T18:15:52+0900 INFO sqlalchemy.engine.Engine request_id=- tenant_id=- trace_id=- mode=- BEGIN (implicit) taskName=None asctime=2026-01-22T18:15:52+0900

[1A[2K[2m[WebServer] [22m2026-01-22T18:15:52+0900 INFO sqlalchemy.engine.Engine request_id=- tenant_id=- trace_id=- mode=- SELECT chat_thread.title AS chat_thread_title, chat_thread.tenant_id AS chat_thread_tenant_id, chat_thread.user_id AS chat_thread_user_id, chat_thread.created_at AS chat_thread_created_at, chat_thread.updated_at AS chat_thread_updated_at, chat_thread.deleted_at AS chat_thread_deleted_at, chat_thread.title_finalized AS chat_thread_title_finalized, chat_thread.summary AS chat_thread_summary, chat_thread.builder AS chat_thread_builder, chat_thread.id AS chat_thread_id 
[2m[WebServer] [22mFROM chat_thread 
[2m[WebServer] [22mWHERE chat_thread.id = %(pk_1)s::VARCHAR taskName=None asctime=2026-01-22T18:15:52+0900

[1A[2K[2m[WebServer] [22m2026-01-22T18:15:52+0900 INFO sqlalchemy.engine.Engine request_id=- tenant_id=- trace_id=- mode=- [generated in 0.00051s] {'pk_1': 'ec76224e-7906-40e1-8386-b43d36c62eae'} taskName=None asctime=2026-01-22T18:15:52+0900

[1A[2K[2m[WebServer] [22m2026-01-22T18:15:52+0900 INFO sqlalchemy.engine.Engine request_id=- tenant_id=- trace_id=- mode=- SELECT chat_message.thread_id, chat_message.role, chat_message.content, chat_message.created_at, chat_message.token_in, chat_message.token_out, chat_message.id 
[2m[WebServer] [22mFROM chat_message 
[2m[WebServer] [22mWHERE chat_message.thread_id = %(thread_id_1)s::VARCHAR ORDER BY chat_message.created_at taskName=None asctime=2026-01-22T18:15:52+0900

[1A[2K[2m[WebServer] [22m2026-01-22T18:15:52+0900 INFO sqlalchemy.engine.Engine request_id=- tenant_id=- trace_id=- mode=- [generated in 0.00029s] {'thread_id_1': 'ec76224e-7906-40e1-8386-b43d36c62eae'} taskName=None asctime=2026-01-22T18:15:52+0900

[1A[2K[2m[WebServer] [22m2026-01-22T18:15:52+0900 INFO sqlalchemy.engine.Engine request_id=- tenant_id=- trace_id=- mode=- ROLLBACK taskName=None asctime=2026-01-22T18:15:52+0900

[1A[2K[2m[WebServer] [22m2026-01-22T18:15:52+0900 INFO sqlalchemy.engine.Engine request_id=- tenant_id=- trace_id=- mode=- BEGIN (implicit) taskName=None asctime=2026-01-22T18:15:52+0900

[1A[2K[2m[WebServer] [22m2026-01-22T18:15:52+0900 INFO sqlalchemy.engine.Engine request_id=- tenant_id=- trace_id=- mode=- SELECT chat_thread.title AS chat_thread_title, chat_thread.tenant_id AS chat_thread_tenant_id, chat_thread.user_id AS chat_thread_user_id, chat_thread.created_at AS chat_thread_created_at, chat_thread.updated_at AS chat_thread_updated_at, chat_thread.deleted_at AS chat_thread_deleted_at, chat_thread.title_finalized AS chat_thread_title_finalized, chat_thread.summary AS chat_thread_summary, chat_thread.builder AS chat_thread_builder, chat_thread.id AS chat_thread_id 
[2m[WebServer] [22mFROM chat_thread 
[2m[WebServer] [22mWHERE chat_thread.id = %(pk_1)s::VARCHAR taskName=None asctime=2026-01-22T18:15:52+0900

[1A[2K[2m[WebServer] [22m2026-01-22T18:15:52+0900 INFO sqlalchemy.engine.Engine request_id=- tenant_id=- trace_id=- mode=- [cached since 0.02399s ago] {'pk_1': 'ec76224e-7906-40e1-8386-b43d36c62eae'} taskName=None asctime=2026-01-22T18:15:52+0900

[1A[2K[2m[WebServer] [22m2026-01-22T18:15:52+0900 INFO sqlalchemy.engine.Engine request_id=- tenant_id=- trace_id=- mode=- SELECT chat_message.thread_id, chat_message.role, chat_message.content, chat_message.created_at, chat_message.token_in, chat_message.token_out, chat_message.id 
[2m[WebServer] [22mFROM chat_message 
[2m[WebServer] [22mWHERE chat_message.thread_id = %(thread_id_1)s::VARCHAR ORDER BY chat_message.created_at taskName=None asctime=2026-01-22T18:15:52+0900

[1A[2K[2m[WebServer] [22m2026-01-22T18:15:52+0900 INFO sqlalchemy.engine.Engine request_id=- tenant_id=- trace_id=- mode=- [cached since 0.03815s ago] {'thread_id_1': 'ec76224e-7906-40e1-8386-b43d36c62eae'} taskName=None asctime=2026-01-22T18:15:52+0900

[1A[2K[2m[WebServer] [22m2026-01-22T18:15:52+0900 INFO sqlalchemy.engine.Engine request_id=- tenant_id=- trace_id=- mode=- ROLLBACK taskName=None asctime=2026-01-22T18:15:52+0900

[1A[2K[2m[WebServer] [22m2026-01-22T18:15:53+0900 INFO sqlalchemy.engine.Engine request_id=- tenant_id=- trace_id=- mode=- BEGIN (implicit) taskName=None asctime=2026-01-22T18:15:53+0900

[1A[2K[2m[WebServer] [22m2026-01-22T18:15:53+0900 INFO sqlalchemy.engine.Engine request_id=- tenant_id=- trace_id=- mode=- SELECT documents.tenant_id, documents.user_id, documents.filename, documents.content_type, documents.size, documents.status, documents.error_message, documents.created_at, documents.updated_at, documents.deleted_at, documents.id, documents.format, documents.processing_progress, documents.total_chunks, documents.error_details, documents.doc_metadata, documents.created_by 
[2m[WebServer] [22mFROM documents 
[2m[WebServer] [22mWHERE documents.deleted_at IS NULL AND documents.tenant_id = %(tenant_id_1)s::VARCHAR AND documents.user_id = %(user_id_1)s::VARCHAR ORDER BY documents.updated_at DESC taskName=None asctime=2026-01-22T18:15:53+0900

[1A[2K[2m[WebServer] [22m2026-01-22T18:15:53+0900 INFO sqlalchemy.engine.Engine request_id=- tenant_id=- trace_id=- mode=- BEGIN (implicit) taskName=None asctime=2026-01-22T18:15:53+0900

[1A[2K[2m[WebServer] [22m2026-01-22T18:15:53+0900 INFO sqlalchemy.engine.Engine request_id=- tenant_id=- trace_id=- mode=- [generated in 0.00243s] {'tenant_id_1': 'default', 'user_id_1': 'default'} taskName=None asctime=2026-01-22T18:15:53+0900

[1A[2K[2m[WebServer] [22m2026-01-22T18:15:53+0900 INFO sqlalchemy.engine.Engine request_id=- tenant_id=- trace_id=- mode=- SELECT query_history.id, query_history.tenant_id, query_history.user_id, query_history.feature, query_history.question, query_history.summary, query_history.status, query_history.response, query_history.metadata, query_history.created_at 
[2m[WebServer] [22mFROM query_history 
[2m[WebServer] [22mWHERE query_history.tenant_id = %(tenant_id_1)s::VARCHAR AND query_history.user_id = %(user_id_1)s::VARCHAR AND query_history.feature = %(feature_1)s::VARCHAR ORDER BY query_history.created_at DESC 
[2m[WebServer] [22m LIMIT %(param_1)s::INTEGER taskName=None asctime=2026-01-22T18:15:53+0900

[1A[2K[2m[WebServer] [22m2026-01-22T18:15:53+0900 INFO sqlalchemy.engine.Engine request_id=- tenant_id=- trace_id=- mode=- [generated in 0.00080s] {'tenant_id_1': 'default', 'user_id_1': 'default', 'feature_1': 'docs', 'param_1': 40} taskName=None asctime=2026-01-22T18:15:53+0900

[1A[2K[2m[WebServer] [22m2026-01-22T18:15:53+0900 INFO sqlalchemy.engine.Engine request_id=- tenant_id=- trace_id=- mode=- ROLLBACK taskName=None asctime=2026-01-22T18:15:53+0900

[1A[2K[2m[WebServer] [22m2026-01-22T18:15:53+0900 INFO sqlalchemy.engine.Engine request_id=- tenant_id=- trace_id=- mode=- BEGIN (implicit) taskName=None asctime=2026-01-22T18:15:53+0900

[1A[2K[2m[WebServer] [22m2026-01-22T18:15:53+0900 INFO sqlalchemy.engine.Engine request_id=- tenant_id=- trace_id=- mode=- SELECT documents.tenant_id, documents.user_id, documents.filename, documents.content_type, documents.size, documents.status, documents.error_message, documents.created_at, documents.updated_at, documents.deleted_at, documents.id, documents.format, documents.processing_progress, documents.total_chunks, documents.error_details, documents.doc_metadata, documents.created_by 
[2m[WebServer] [22mFROM documents 
[2m[WebServer] [22mWHERE documents.deleted_at IS NULL AND documents.tenant_id = %(tenant_id_1)s::VARCHAR AND documents.user_id = %(user_id_1)s::VARCHAR ORDER BY documents.updated_at DESC taskName=None asctime=2026-01-22T18:15:53+0900

[1A[2K[2m[WebServer] [22m2026-01-22T18:15:53+0900 INFO sqlalchemy.engine.Engine request_id=- tenant_id=- trace_id=- mode=- [cached since 0.02473s ago] {'tenant_id_1': 'default', 'user_id_1': 'default'} taskName=None asctime=2026-01-22T18:15:53+0900

[1A[2K[2m[WebServer] [22m2026-01-22T18:15:53+0900 INFO sqlalchemy.engine.Engine request_id=- tenant_id=- trace_id=- mode=- ROLLBACK taskName=None asctime=2026-01-22T18:15:53+0900

[1A[2K[2m[WebServer] [22m2026-01-22T18:15:53+0900 INFO sqlalchemy.engine.Engine request_id=- tenant_id=- trace_id=- mode=- BEGIN (implicit) taskName=None asctime=2026-01-22T18:15:53+0900

[1A[2K[2m[WebServer] [22m2026-01-22T18:15:53+0900 INFO sqlalchemy.engine.Engine request_id=- tenant_id=- trace_id=- mode=- SELECT documents.tenant_id AS documents_tenant_id, documents.user_id AS documents_user_id, documents.filename AS documents_filename, documents.content_type AS documents_content_type, documents.size AS documents_size, documents.status AS documents_status, documents.error_message AS documents_error_message, documents.created_at AS documents_created_at, documents.updated_at AS documents_updated_at, documents.deleted_at AS documents_deleted_at, documents.id AS documents_id, documents.format AS documents_format, documents.processing_progress AS documents_processing_progress, documents.total_chunks AS documents_total_chunks, documents.error_details AS documents_error_details, documents.doc_metadata AS documents_doc_metadata, documents.created_by AS documents_created_by 
[2m[WebServer] [22mFROM documents 
[2m[WebServer] [22mWHERE documents.id = %(pk_1)s::VARCHAR taskName=None asctime=2026-01-22T18:15:53+0900

[1A[2K[2m[WebServer] [22m2026-01-22T18:15:53+0900 INFO sqlalchemy.engine.Engine request_id=- tenant_id=- trace_id=- mode=- [generated in 0.00025s] {'pk_1': '50d99b61-ada2-4f2c-a9cb-029cc53f62fb'} taskName=None asctime=2026-01-22T18:15:53+0900

[1A[2K[2m[WebServer] [22m2026-01-22T18:15:53+0900 INFO sqlalchemy.engine.Engine request_id=- tenant_id=- trace_id=- mode=- ROLLBACK taskName=None asctime=2026-01-22T18:15:53+0900

[1A[2K[2m[WebServer] [22m2026-01-22T18:15:53+0900 INFO sqlalchemy.engine.Engine request_id=- tenant_id=- trace_id=- mode=- SELECT count(document_chunks.id) AS count_1 
[2m[WebServer] [22mFROM document_chunks 
[2m[WebServer] [22mWHERE document_chunks.document_id = %(document_id_1)s::VARCHAR taskName=None asctime=2026-01-22T18:15:53+0900

[1A[2K[2m[WebServer] [22m2026-01-22T18:15:53+0900 INFO sqlalchemy.engine.Engine request_id=- tenant_id=- trace_id=- mode=- [generated in 0.00042s] {'document_id_1': '50d99b61-ada2-4f2c-a9cb-029cc53f62fb'} taskName=None asctime=2026-01-22T18:15:53+0900

[1A[2K[2m[WebServer] [22m2026-01-22T18:15:53+0900 INFO sqlalchemy.engine.Engine request_id=- tenant_id=- trace_id=- mode=- ROLLBACK taskName=None asctime=2026-01-22T18:15:53+0900

[1A[2K[2m[WebServer] [22m2026-01-22T18:15:53+0900 INFO sqlalchemy.engine.Engine request_id=- tenant_id=- trace_id=- mode=- BEGIN (implicit) taskName=None asctime=2026-01-22T18:15:53+0900

[1A[2K[2m[WebServer] [22m2026-01-22T18:15:53+0900 INFO sqlalchemy.engine.Engine request_id=- tenant_id=- trace_id=- mode=- SELECT query_history.id, query_history.tenant_id, query_history.user_id, query_history.feature, query_history.question, query_history.summary, query_history.status, query_history.response, query_history.metadata, query_history.created_at 
[2m[WebServer] [22mFROM query_history 
[2m[WebServer] [22mWHERE query_history.tenant_id = %(tenant_id_1)s::VARCHAR AND query_history.user_id = %(user_id_1)s::VARCHAR AND query_history.feature = %(feature_1)s::VARCHAR ORDER BY query_history.created_at DESC 
[2m[WebServer] [22m LIMIT %(param_1)s::INTEGER taskName=None asctime=2026-01-22T18:15:53+0900

[1A[2K[2m[WebServer] [22m2026-01-22T18:15:53+0900 INFO sqlalchemy.engine.Engine request_id=- tenant_id=- trace_id=- mode=- [cached since 0.09543s ago] {'tenant_id_1': 'default', 'user_id_1': 'default', 'feature_1': 'docs', 'param_1': 40} taskName=None asctime=2026-01-22T18:15:53+0900

[1A[2K[2m[WebServer] [22m2026-01-22T18:15:53+0900 INFO sqlalchemy.engine.Engine request_id=- tenant_id=- trace_id=- mode=- ROLLBACK taskName=None asctime=2026-01-22T18:15:53+0900

[1A[2K[2m[WebServer] [22m2026-01-22T18:15:56+0900 INFO sqlalchemy.engine.Engine request_id=- tenant_id=- trace_id=- mode=- BEGIN (implicit) taskName=None asctime=2026-01-22T18:15:56+0900

[1A[2K[2m[WebServer] [22m2026-01-22T18:15:56+0900 INFO sqlalchemy.engine.Engine request_id=- tenant_id=- trace_id=- mode=- SELECT query_history.id, query_history.tenant_id, query_history.user_id, query_history.feature, query_history.question, query_history.summary, query_history.status, query_history.response, query_history.metadata, query_history.created_at 
[2m[WebServer] [22mFROM query_history 
[2m[WebServer] [22mWHERE query_history.tenant_id = %(tenant_id_1)s::VARCHAR AND query_history.user_id = %(user_id_1)s::VARCHAR AND query_history.feature = %(feature_1)s::VARCHAR ORDER BY query_history.created_at DESC 
[2m[WebServer] [22m LIMIT %(param_1)s::INTEGER taskName=None asctime=2026-01-22T18:15:56+0900
[2m[WebServer] [22m2026-01-22T18:15:56+0900 INFO sqlalchemy.engine.Engine request_id=- tenant_id=- trace_id=- mode=- [cached since 2.913s ago] {'tenant_id_1': 'default', 'user_id_1': 'default', 'feature_1': 'ops', 'param_1': 40} taskName=None asctime=2026-01-22T18:15:56+0900

[1A[2K[2m[WebServer] [22m2026-01-22T18:15:56+0900 INFO sqlalchemy.engine.Engine request_id=- tenant_id=- trace_id=- mode=- ROLLBACK taskName=None asctime=2026-01-22T18:15:56+0900

[1A[2K[2m[WebServer] [22m2026-01-22T18:15:56+0900 INFO sqlalchemy.engine.Engine request_id=- tenant_id=- trace_id=- mode=- BEGIN (implicit) taskName=None asctime=2026-01-22T18:15:56+0900

[1A[2K[2m[WebServer] [22m2026-01-22T18:15:56+0900 INFO sqlalchemy.engine.Engine request_id=- tenant_id=- trace_id=- mode=- SELECT query_history.id, query_history.tenant_id, query_history.user_id, query_history.feature, query_history.question, query_history.summary, query_history.status, query_history.response, query_history.metadata, query_history.created_at 
[2m[WebServer] [22mFROM query_history 
[2m[WebServer] [22mWHERE query_history.tenant_id = %(tenant_id_1)s::VARCHAR AND query_history.user_id = %(user_id_1)s::VARCHAR AND query_history.feature = %(feature_1)s::VARCHAR ORDER BY query_history.created_at DESC 
[2m[WebServer] [22m LIMIT %(param_1)s::INTEGER taskName=None asctime=2026-01-22T18:15:56+0900

[1A[2K[2m[WebServer] [22m2026-01-22T18:15:56+0900 INFO sqlalchemy.engine.Engine request_id=- tenant_id=- trace_id=- mode=- [cached since 3.004s ago] {'tenant_id_1': 'default', 'user_id_1': 'default', 'feature_1': 'ops', 'param_1': 40} taskName=None asctime=2026-01-22T18:15:56+0900

[1A[2K[2m[WebServer] [22m2026-01-22T18:15:56+0900 INFO sqlalchemy.engine.Engine request_id=- tenant_id=- trace_id=- mode=- ROLLBACK taskName=None asctime=2026-01-22T18:15:56+0900

[1A[2K[2m[WebServer] [22m2026-01-22T18:15:59+0900 INFO sqlalchemy.engine.Engine request_id=- tenant_id=- trace_id=- mode=- BEGIN (implicit) taskName=starlette.middleware.base.BaseHTTPMiddleware.__call__.<locals>.call_next.<locals>.coro asctime=2026-01-22T18:15:59+0900

[1A[2K[2m[WebServer] [22m2026-01-22T18:15:59+0900 INFO sqlalchemy.engine.Engine request_id=- tenant_id=- trace_id=- mode=- SELECT api_definitions.id, api_definitions.scope, api_definitions.name, api_definitions.method, api_definitions.path, api_definitions.description, api_definitions.tags, api_definitions.mode, api_definitions.logic, api_definitions.is_enabled, api_definitions.created_at, api_definitions.updated_at, api_definitions.deleted_at 
[2m[WebServer] [22mFROM api_definitions 
[2m[WebServer] [22mWHERE api_definitions.deleted_at IS NULL AND api_definitions.scope = %(scope_1)s taskName=starlette.middleware.base.BaseHTTPMiddleware.__call__.<locals>.call_next.<locals>.coro asctime=2026-01-22T18:15:59+0900

[1A[2K[2m[WebServer] [22m2026-01-22T18:15:59+0900 INFO sqlalchemy.engine.Engine request_id=- tenant_id=- trace_id=- mode=- [generated in 0.01011s] {'scope_1': 'custom'} taskName=starlette.middleware.base.BaseHTTPMiddleware.__call__.<locals>.call_next.<locals>.coro asctime=2026-01-22T18:15:59+0900

[1A[2K[2m[WebServer] [22m2026-01-22T18:15:59+0900 INFO sqlalchemy.engine.Engine request_id=- tenant_id=- trace_id=- mode=- ROLLBACK taskName=None asctime=2026-01-22T18:15:59+0900

[1A[2K[2m[WebServer] [22m2026-01-22T18:15:59+0900 INFO sqlalchemy.engine.Engine request_id=- tenant_id=- trace_id=- mode=- BEGIN (implicit) taskName=starlette.middleware.base.BaseHTTPMiddleware.__call__.<locals>.call_next.<locals>.coro asctime=2026-01-22T18:15:59+0900

[1A[2K[2m[WebServer] [22m2026-01-22T18:15:59+0900 INFO sqlalchemy.engine.Engine request_id=- tenant_id=- trace_id=- mode=- SELECT api_definitions.id, api_definitions.scope, api_definitions.name, api_definitions.method, api_definitions.path, api_definitions.description, api_definitions.tags, api_definitions.mode, api_definitions.logic, api_definitions.is_enabled, api_definitions.created_at, api_definitions.updated_at, api_definitions.deleted_at 
[2m[WebServer] [22mFROM api_definitions 
[2m[WebServer] [22mWHERE api_definitions.deleted_at IS NULL AND api_definitions.scope = %(scope_1)s taskName=starlette.middleware.base.BaseHTTPMiddleware.__call__.<locals>.call_next.<locals>.coro asctime=2026-01-22T18:15:59+0900

[1A[2K[2m[WebServer] [22m2026-01-22T18:15:59+0900 INFO sqlalchemy.engine.Engine request_id=- tenant_id=- trace_id=- mode=- [cached since 0.03311s ago] {'scope_1': 'custom'} taskName=starlette.middleware.base.BaseHTTPMiddleware.__call__.<locals>.call_next.<locals>.coro asctime=2026-01-22T18:15:59+0900

[1A[2K[2m[WebServer] [22m2026-01-22T18:15:59+0900 INFO sqlalchemy.engine.Engine request_id=- tenant_id=- trace_id=- mode=- ROLLBACK taskName=None asctime=2026-01-22T18:15:59+0900

[1A[2K[2m[WebServer] [22m2026-01-22T18:16:00+0900 INFO sqlalchemy.engine.Engine request_id=- tenant_id=- trace_id=- mode=- BEGIN (implicit) taskName=None asctime=2026-01-22T18:16:00+0900

[1A[2K[2m[WebServer] [22m2026-01-22T18:16:00+0900 INFO sqlalchemy.engine.Engine request_id=- tenant_id=- trace_id=- mode=- SELECT tb_asset_registry.asset_id, tb_asset_registry.asset_type, tb_asset_registry.name, tb_asset_registry.description, tb_asset_registry.version, tb_asset_registry.status, tb_asset_registry.scope, tb_asset_registry.engine, tb_asset_registry.template, tb_asset_registry.input_schema, tb_asset_registry.output_contract, tb_asset_registry.mapping_type, tb_asset_registry.content, tb_asset_registry.policy_type, tb_asset_registry.limits, tb_asset_registry.query_sql, tb_asset_registry.query_params, tb_asset_registry.query_metadata, tb_asset_registry.screen_id, tb_asset_registry.schema_json, tb_asset_registry.tags, tb_asset_registry.created_by, tb_asset_registry.published_by, tb_asset_registry.published_at, tb_asset_registry.created_at, tb_asset_registry.updated_at 
[2m[WebServer] [22mFROM tb_asset_registry 
[2m[WebServer] [22mWHERE tb_asset_registry.asset_type = %(asset_type_1)s::VARCHAR AND tb_asset_registry.status = %(status_1)s::VARCHAR taskName=None asctime=2026-01-22T18:16:00+0900

[1A[2K[2m[WebServer] [22m2026-01-22T18:16:00+0900 INFO sqlalchemy.engine.Engine request_id=- tenant_id=- trace_id=- mode=- [generated in 0.00050s] {'asset_type_1': 'screen', 'status_1': 'published'} taskName=None asctime=2026-01-22T18:16:00+0900

[1A[2K[2m[WebServer] [22m2026-01-22T18:16:00+0900 INFO sqlalchemy.engine.Engine request_id=- tenant_id=- trace_id=- mode=- ROLLBACK taskName=None asctime=2026-01-22T18:16:00+0900

[1A[2K[2m[WebServer] [22m2026-01-22T18:16:00+0900 INFO sqlalchemy.engine.Engine request_id=- tenant_id=- trace_id=- mode=- BEGIN (implicit) taskName=None asctime=2026-01-22T18:16:00+0900

[1A[2K[2m[WebServer] [22m2026-01-22T18:16:00+0900 INFO sqlalchemy.engine.Engine request_id=- tenant_id=- trace_id=- mode=- SELECT tb_asset_registry.asset_id, tb_asset_registry.asset_type, tb_asset_registry.name, tb_asset_registry.description, tb_asset_registry.version, tb_asset_registry.status, tb_asset_registry.scope, tb_asset_registry.engine, tb_asset_registry.template, tb_asset_registry.input_schema, tb_asset_registry.output_contract, tb_asset_registry.mapping_type, tb_asset_registry.content, tb_asset_registry.policy_type, tb_asset_registry.limits, tb_asset_registry.query_sql, tb_asset_registry.query_params, tb_asset_registry.query_metadata, tb_asset_registry.screen_id, tb_asset_registry.schema_json, tb_asset_registry.tags, tb_asset_registry.created_by, tb_asset_registry.published_by, tb_asset_registry.published_at, tb_asset_registry.created_at, tb_asset_registry.updated_at 
[2m[WebServer] [22mFROM tb_asset_registry 
[2m[WebServer] [22mWHERE tb_asset_registry.asset_type = %(asset_type_1)s::VARCHAR AND tb_asset_registry.status = %(status_1)s::VARCHAR taskName=None asctime=2026-01-22T18:16:00+0900

[1A[2K[2m[WebServer] [22m2026-01-22T18:16:00+0900 INFO sqlalchemy.engine.Engine request_id=- tenant_id=- trace_id=- mode=- [cached since 0.0322s ago] {'asset_type_1': 'screen', 'status_1': 'published'} taskName=None asctime=2026-01-22T18:16:00+0900

[1A[2K[2m[WebServer] [22m2026-01-22T18:16:00+0900 INFO sqlalchemy.engine.Engine request_id=- tenant_id=- trace_id=- mode=- ROLLBACK taskName=None asctime=2026-01-22T18:16:00+0900

[1A[2K[2m[WebServer] [22m2026-01-22T18:16:01+0900 INFO sqlalchemy.engine.Engine request_id=- tenant_id=- trace_id=- mode=- BEGIN (implicit) taskName=None asctime=2026-01-22T18:16:01+0900

[1A[2K[2m[WebServer] [22m2026-01-22T18:16:01+0900 INFO sqlalchemy.engine.Engine request_id=- tenant_id=- trace_id=- mode=- SELECT tb_cep_rule.rule_id, tb_cep_rule.rule_name, tb_cep_rule.trigger_type, tb_cep_rule.trigger_spec, tb_cep_rule.action_spec, tb_cep_rule.is_active, tb_cep_rule.created_by, tb_cep_rule.created_at, tb_cep_rule.updated_at 
[2m[WebServer] [22mFROM tb_cep_rule ORDER BY tb_cep_rule.updated_at DESC taskName=None asctime=2026-01-22T18:16:01+0900

[1A[2K[2m[WebServer] [22m2026-01-22T18:16:01+0900 INFO sqlalchemy.engine.Engine request_id=- tenant_id=- trace_id=- mode=- [generated in 0.00045s] {} taskName=None asctime=2026-01-22T18:16:01+0900

[1A[2K[2m[WebServer] [22m2026-01-22T18:16:01+0900 INFO sqlalchemy.engine.Engine request_id=- tenant_id=- trace_id=- mode=- ROLLBACK taskName=None asctime=2026-01-22T18:16:01+0900

[1A[2K[2m[WebServer] [22m2026-01-22T18:16:01+0900 INFO sqlalchemy.engine.Engine request_id=- tenant_id=- trace_id=- mode=- BEGIN (implicit) taskName=None asctime=2026-01-22T18:16:01+0900

[1A[2K[2m[WebServer] [22m2026-01-22T18:16:01+0900 INFO sqlalchemy.engine.Engine request_id=- tenant_id=- trace_id=- mode=- SELECT tb_cep_rule.rule_id, tb_cep_rule.rule_name, tb_cep_rule.trigger_type, tb_cep_rule.trigger_spec, tb_cep_rule.action_spec, tb_cep_rule.is_active, tb_cep_rule.created_by, tb_cep_rule.created_at, tb_cep_rule.updated_at 
[2m[WebServer] [22mFROM tb_cep_rule ORDER BY tb_cep_rule.updated_at DESC taskName=None asctime=2026-01-22T18:16:01+0900

[1A[2K[2m[WebServer] [22m2026-01-22T18:16:01+0900 INFO sqlalchemy.engine.Engine request_id=- tenant_id=- trace_id=- mode=- [cached since 0.02928s ago] {} taskName=None asctime=2026-01-22T18:16:01+0900

[1A[2K[2m[WebServer] [22m2026-01-22T18:16:01+0900 INFO sqlalchemy.engine.Engine request_id=- tenant_id=- trace_id=- mode=- BEGIN (implicit) taskName=None asctime=2026-01-22T18:16:01+0900

[1A[2K[2m[WebServer] [22m2026-01-22T18:16:01+0900 INFO sqlalchemy.engine.Engine request_id=- tenant_id=- trace_id=- mode=- SELECT tb_cep_rule.rule_id AS tb_cep_rule_rule_id, tb_cep_rule.rule_name AS tb_cep_rule_rule_name, tb_cep_rule.trigger_type AS tb_cep_rule_trigger_type, tb_cep_rule.trigger_spec AS tb_cep_rule_trigger_spec, tb_cep_rule.action_spec AS tb_cep_rule_action_spec, tb_cep_rule.is_active AS tb_cep_rule_is_active, tb_cep_rule.created_by AS tb_cep_rule_created_by, tb_cep_rule.created_at AS tb_cep_rule_created_at, tb_cep_rule.updated_at AS tb_cep_rule_updated_at 
[2m[WebServer] [22mFROM tb_cep_rule 
[2m[WebServer] [22mWHERE tb_cep_rule.rule_id = %(pk_1)s::UUID taskName=None asctime=2026-01-22T18:16:01+0900

[1A[2K[2m[WebServer] [22m2026-01-22T18:16:01+0900 INFO sqlalchemy.engine.Engine request_id=- tenant_id=- trace_id=- mode=- [generated in 0.00027s] {'pk_1': '10acae3d-52be-4d34-9489-fc846b33c95e'} taskName=None asctime=2026-01-22T18:16:01+0900

[1A[2K[2m[WebServer] [22m2026-01-22T18:16:01+0900 INFO sqlalchemy.engine.Engine request_id=- tenant_id=- trace_id=- mode=- ROLLBACK taskName=None asctime=2026-01-22T18:16:01+0900

[1A[2K[2m[WebServer] [22m2026-01-22T18:16:01+0900 INFO sqlalchemy.engine.Engine request_id=- tenant_id=- trace_id=- mode=- SELECT tb_cep_exec_log.exec_id, tb_cep_exec_log.rule_id, tb_cep_exec_log.triggered_at, tb_cep_exec_log.status, tb_cep_exec_log.duration_ms, tb_cep_exec_log.error_message, tb_cep_exec_log."references" 
[2m[WebServer] [22mFROM tb_cep_exec_log 
[2m[WebServer] [22mWHERE tb_cep_exec_log.rule_id = %(rule_id_1)s::UUID ORDER BY tb_cep_exec_log.triggered_at DESC 
[2m[WebServer] [22m LIMIT %(param_1)s::INTEGER taskName=None asctime=2026-01-22T18:16:01+0900

[1A[2K[2m[WebServer] [22m2026-01-22T18:16:01+0900 INFO sqlalchemy.engine.Engine request_id=- tenant_id=- trace_id=- mode=- [generated in 0.00039s] {'rule_id_1': '10acae3d-52be-4d34-9489-fc846b33c95e', 'param_1': 20} taskName=None asctime=2026-01-22T18:16:01+0900

[1A[2K[2m[WebServer] [22m2026-01-22T18:16:01+0900 INFO sqlalchemy.engine.Engine request_id=- tenant_id=- trace_id=- mode=- ROLLBACK taskName=None asctime=2026-01-22T18:16:01+0900

[1A[2K[2m[WebServer] [22m2026-01-22T18:16:01+0900 INFO sqlalchemy.engine.Engine request_id=- tenant_id=- trace_id=- mode=- BEGIN (implicit) taskName=None asctime=2026-01-22T18:16:01+0900

[1A[2K[2m[WebServer] [22m2026-01-22T18:16:01+0900 INFO sqlalchemy.engine.Engine request_id=- tenant_id=- trace_id=- mode=- SELECT tb_cep_rule.rule_id AS tb_cep_rule_rule_id, tb_cep_rule.rule_name AS tb_cep_rule_rule_name, tb_cep_rule.trigger_type AS tb_cep_rule_trigger_type, tb_cep_rule.trigger_spec AS tb_cep_rule_trigger_spec, tb_cep_rule.action_spec AS tb_cep_rule_action_spec, tb_cep_rule.is_active AS tb_cep_rule_is_active, tb_cep_rule.created_by AS tb_cep_rule_created_by, tb_cep_rule.created_at AS tb_cep_rule_created_at, tb_cep_rule.updated_at AS tb_cep_rule_updated_at 
[2m[WebServer] [22mFROM tb_cep_rule 
[2m[WebServer] [22mWHERE tb_cep_rule.rule_id = %(pk_1)s::UUID taskName=None asctime=2026-01-22T18:16:01+0900

[1A[2K[2m[WebServer] [22m2026-01-22T18:16:01+0900 INFO sqlalchemy.engine.Engine request_id=- tenant_id=- trace_id=- mode=- [cached since 0.02204s ago] {'pk_1': '10acae3d-52be-4d34-9489-fc846b33c95e'} taskName=None asctime=2026-01-22T18:16:01+0900

[1A[2K[2m[WebServer] [22m2026-01-22T18:16:01+0900 INFO sqlalchemy.engine.Engine request_id=- tenant_id=- trace_id=- mode=- SELECT tb_cep_exec_log.exec_id, tb_cep_exec_log.rule_id, tb_cep_exec_log.triggered_at, tb_cep_exec_log.status, tb_cep_exec_log.duration_ms, tb_cep_exec_log.error_message, tb_cep_exec_log."references" 
[2m[WebServer] [22mFROM tb_cep_exec_log 
[2m[WebServer] [22mWHERE tb_cep_exec_log.rule_id = %(rule_id_1)s::UUID ORDER BY tb_cep_exec_log.triggered_at DESC 
[2m[WebServer] [22m LIMIT %(param_1)s::INTEGER taskName=None asctime=2026-01-22T18:16:01+0900

[1A[2K[2m[WebServer] [22m2026-01-22T18:16:01+0900 INFO sqlalchemy.engine.Engine request_id=- tenant_id=- trace_id=- mode=- [cached since 0.02831s ago] {'rule_id_1': '10acae3d-52be-4d34-9489-fc846b33c95e', 'param_1': 20} taskName=None asctime=2026-01-22T18:16:01+0900

[1A[2K[2m[WebServer] [22m2026-01-22T18:16:01+0900 INFO sqlalchemy.engine.Engine request_id=- tenant_id=- trace_id=- mode=- ROLLBACK taskName=None asctime=2026-01-22T18:16:01+0900

[1A[2K[2m[WebServer] [22m2026-01-22T18:16:01+0900 INFO sqlalchemy.engine.Engine request_id=- tenant_id=- trace_id=- mode=- BEGIN (implicit) taskName=None asctime=2026-01-22T18:16:01+0900

[1A[2K[2m[WebServer] [22m2026-01-22T18:16:01+0900 INFO sqlalchemy.engine.Engine request_id=- tenant_id=- trace_id=- mode=- SELECT tb_cep_rule.rule_id AS tb_cep_rule_rule_id, tb_cep_rule.rule_name AS tb_cep_rule_rule_name, tb_cep_rule.trigger_type AS tb_cep_rule_trigger_type, tb_cep_rule.trigger_spec AS tb_cep_rule_trigger_spec, tb_cep_rule.action_spec AS tb_cep_rule_action_spec, tb_cep_rule.is_active AS tb_cep_rule_is_active, tb_cep_rule.created_by AS tb_cep_rule_created_by, tb_cep_rule.created_at AS tb_cep_rule_created_at, tb_cep_rule.updated_at AS tb_cep_rule_updated_at 
[2m[WebServer] [22mFROM tb_cep_rule 
[2m[WebServer] [22mWHERE tb_cep_rule.rule_id = %(pk_1)s::UUID taskName=None asctime=2026-01-22T18:16:01+0900

[1A[2K[2m[WebServer] [22m2026-01-22T18:16:01+0900 INFO sqlalchemy.engine.Engine request_id=- tenant_id=- trace_id=- mode=- [cached since 0.05158s ago] {'pk_1': '10acae3d-52be-4d34-9489-fc846b33c95e'} taskName=None asctime=2026-01-22T18:16:01+0900

[1A[2K[2m[WebServer] [22m2026-01-22T18:16:01+0900 INFO sqlalchemy.engine.Engine request_id=- tenant_id=- trace_id=- mode=- SELECT tb_cep_exec_log.exec_id, tb_cep_exec_log.rule_id, tb_cep_exec_log.triggered_at, tb_cep_exec_log.status, tb_cep_exec_log.duration_ms, tb_cep_exec_log.error_message, tb_cep_exec_log."references" 
[2m[WebServer] [22mFROM tb_cep_exec_log 
[2m[WebServer] [22mWHERE tb_cep_exec_log.rule_id = %(rule_id_1)s::UUID ORDER BY tb_cep_exec_log.triggered_at DESC 
[2m[WebServer] [22m LIMIT %(param_1)s::INTEGER taskName=None asctime=2026-01-22T18:16:01+0900

[1A[2K[2m[WebServer] [22m2026-01-22T18:16:01+0900 INFO sqlalchemy.engine.Engine request_id=- tenant_id=- trace_id=- mode=- [cached since 0.05308s ago] {'rule_id_1': '10acae3d-52be-4d34-9489-fc846b33c95e', 'param_1': 20} taskName=None asctime=2026-01-22T18:16:01+0900

[1A[2K[2m[WebServer] [22m2026-01-22T18:16:01+0900 INFO sqlalchemy.engine.Engine request_id=- tenant_id=- trace_id=- mode=- ROLLBACK taskName=None asctime=2026-01-22T18:16:01+0900

[1A[2K[2m[WebServer] [22m2026-01-22T18:16:04+0900 INFO sqlalchemy.engine.Engine request_id=- tenant_id=- trace_id=- mode=- BEGIN (implicit) taskName=None asctime=2026-01-22T18:16:04+0900

[1A[2K[2m[WebServer] [22m2026-01-22T18:16:04+0900 INFO sqlalchemy.engine.Engine request_id=- tenant_id=- trace_id=- mode=- SELECT tb_asset_registry.asset_id, tb_asset_registry.asset_type, tb_asset_registry.name, tb_asset_registry.description, tb_asset_registry.version, tb_asset_registry.status, tb_asset_registry.scope, tb_asset_registry.engine, tb_asset_registry.template, tb_asset_registry.input_schema, tb_asset_registry.output_contract, tb_asset_registry.mapping_type, tb_asset_registry.content, tb_asset_registry.policy_type, tb_asset_registry.limits, tb_asset_registry.query_sql, tb_asset_registry.query_params, tb_asset_registry.query_metadata, tb_asset_registry.screen_id, tb_asset_registry.schema_json, tb_asset_registry.tags, tb_asset_registry.created_by, tb_asset_registry.published_by, tb_asset_registry.published_at, tb_asset_registry.created_at, tb_asset_registry.updated_at 
[2m[WebServer] [22mFROM tb_asset_registry taskName=None asctime=2026-01-22T18:16:04+0900

[1A[2K[2m[WebServer] [22m2026-01-22T18:16:04+0900 INFO sqlalchemy.engine.Engine request_id=- tenant_id=- trace_id=- mode=- [generated in 0.00067s] {} taskName=None asctime=2026-01-22T18:16:04+0900

[1A[2K[2m[WebServer] [22m2026-01-22T18:16:04+0900 INFO sqlalchemy.engine.Engine request_id=- tenant_id=- trace_id=- mode=- ROLLBACK taskName=None asctime=2026-01-22T18:16:04+0900

[1A[2K[2m[WebServer] [22m2026-01-22T18:16:08+0900 INFO sqlalchemy.engine.Engine request_id=- tenant_id=- trace_id=- mode=- BEGIN (implicit) taskName=None asctime=2026-01-22T18:16:08+0900

[1A[2K[2m[WebServer] [22m2026-01-22T18:16:08+0900 INFO sqlalchemy.engine.Engine request_id=- tenant_id=- trace_id=- mode=- SELECT query_history.id, query_history.tenant_id, query_history.user_id, query_history.feature, query_history.question, query_history.summary, query_history.status, query_history.response, query_history.metadata, query_history.created_at 
[2m[WebServer] [22mFROM query_history 
[2m[WebServer] [22mWHERE query_history.tenant_id = %(tenant_id_1)s::VARCHAR AND query_history.user_id = %(user_id_1)s::VARCHAR AND query_history.feature = %(feature_1)s::VARCHAR ORDER BY query_history.created_at DESC 
[2m[WebServer] [22m LIMIT %(param_1)s::INTEGER taskName=None asctime=2026-01-22T18:16:08+0900
[2m[WebServer] [22m2026-01-22T18:16:08+0900 INFO sqlalchemy.engine.Engine request_id=- tenant_id=- trace_id=- mode=- [cached since 15.44s ago] {'tenant_id_1': 'default', 'user_id_1': 'default', 'feature_1': 'ops', 'param_1': 40} taskName=None asctime=2026-01-22T18:16:08+0900

[1A[2K[2m[WebServer] [22m2026-01-22T18:16:08+0900 INFO sqlalchemy.engine.Engine request_id=- tenant_id=- trace_id=- mode=- ROLLBACK taskName=None asctime=2026-01-22T18:16:08+0900

[1A[2K[2m[WebServer] [22m2026-01-22T18:16:08+0900 INFO sqlalchemy.engine.Engine request_id=- tenant_id=- trace_id=- mode=- BEGIN (implicit) taskName=None asctime=2026-01-22T18:16:08+0900

[1A[2K[2m[WebServer] [22m2026-01-22T18:16:08+0900 INFO sqlalchemy.engine.Engine request_id=- tenant_id=- trace_id=- mode=- SELECT query_history.id, query_history.tenant_id, query_history.user_id, query_history.feature, query_history.question, query_history.summary, query_history.status, query_history.response, query_history.metadata, query_history.created_at 
[2m[WebServer] [22mFROM query_history 
[2m[WebServer] [22mWHERE query_history.tenant_id = %(tenant_id_1)s::VARCHAR AND query_history.user_id = %(user_id_1)s::VARCHAR AND query_history.feature = %(feature_1)s::VARCHAR ORDER BY query_history.created_at DESC 
[2m[WebServer] [22m LIMIT %(param_1)s::INTEGER taskName=None asctime=2026-01-22T18:16:08+0900

[1A[2K[2m[WebServer] [22m2026-01-22T18:16:09+0900 INFO sqlalchemy.engine.Engine request_id=- tenant_id=- trace_id=- mode=- [cached since 15.51s ago] {'tenant_id_1': 'default', 'user_id_1': 'default', 'feature_1': 'ops', 'param_1': 40} taskName=None asctime=2026-01-22T18:16:09+0900

[1A[2K[2m[WebServer] [22m2026-01-22T18:16:09+0900 INFO sqlalchemy.engine.Engine request_id=- tenant_id=- trace_id=- mode=- ROLLBACK taskName=None asctime=2026-01-22T18:16:09+0900

Error: Timed out waiting 120000ms from config.webServer.

[1A[2K
To open last HTML report run:
[36m[39m
[36m  npx playwright show-report[39m
[36m[39m
